<?xml version="1.0" encoding="utf-8"?><testsuites name="pytest tests"><testsuite name="pytest" errors="0" failures="0" skipped="0" tests="20" time="5.350" timestamp="2026-07-08T09:22:14.632681+00:00" hostname="agent-env-0b34383d-689b-42e5-a2e3-a2c05dbb6b62"><testcase classname="tests.backend_test.TestAdminAuth" name="test_login_success" time="0.713" /><testcase classname="tests.backend_test.TestAdminLeads" name="test_list_leads_requires_auth" time="0.720" /><testcase classname="tests.backend_test.TestAdminAuth" name="test_login_wrong_password" time="1.008" /><testcase classname="tests.backend_test.TestAdminLeads" name="test_list_leads_authenticated" time="1.022" /><testcase classname="tests.backend_test.TestAdminLeads" name="test_stats_requires_auth" time="0.047" /><testcase classname="tests.backend_test.TestAdminAuth" name="test_login_unknown_email" time="0.051" /><testcase classname="tests.backend_test.TestAdminLeads" name="test_stats_shape" time="0.059" /><testcase classname="tests.backend_test.TestAdminAuth" name="test_admin_me_requires_auth" time="0.048" /><testcase classname="tests.backend_test.TestAdminLeads" name="test_create_then_update_status_and_verify" time="0.939" /><testcase classname="tests.backend_test.TestAdminAuth" name="test_admin_me_with_token" time="0.484" /><testcase classname="tests.backend_test.TestAdminAuth" name="test_admin_me_bad_token" time="0.125" /><testcase classname="tests.backend_test.TestLeads" name="test_create_lead_success" time="0.271" /><testcase classname="tests.backend_test.TestLeads" name="test_create_lead_missing_fields_returns_422" time="0.047" /><testcase classname="tests.backend_test.TestLeads" name="test_create_lead_invalid_email_returns_422" time="0.085" /><testcase classname="tests.backend_test.TestAdminLeads" name="test_update_invalid_status_returns_422" time="0.141" /><testcase classname="tests.backend_test.TestLeads" name="test_create_lead_short_phone_returns_422" time="0.045" /><testcase classname="tests.backend_test.TestLeads" name="test_create_lead_short_name_returns_422" time="0.092" /><testcase classname="tests.backend_test.TestAdminLeads" name="test_update_nonexistent_lead_returns_404" time="0.053" /><testcase classname="tests.backend_test.TestHealth" name="test_root" time="0.095" /><testcase classname="tests.backend_test.TestHealth" name="test_health" time="0.047" /></testsuite></testsuites>